#
# A fatal error has been detected by the Java Runtime Environment:
#
#  SIGSEGV (0xb) at pc=0xb5788fff, pid=7377, tid=3030436720
#
# JRE version: 6.0_20-b20
# Java VM: OpenJDK Client VM (19.0-b09 mixed mode, sharing linux-x86 )
# Derivative: IcedTea6 1.9.8
# Distribution: Ubuntu 10.04.1 LTS, package 6b20-1.9.8-0ubuntu1~10.04.1
# Problematic frame:
# J  sun.nio.ch.Util.releaseTemporaryDirectBuffer(Ljava/nio/ByteBuffer;)V
#
# If you would like to submit a bug report, please include
# instructions how to reproduce the bug and visit:
#   https://bugs.launchpad.net/ubuntu/+source/openjdk-6/
#

---------------  T H R E A D  ---------------

Current thread (0xb4dc1400):  JavaThread "Thread-2" [_thread_in_Java, id=7397, stack(0xb49bc000,0xb4a0d000)]

siginfo:si_signo=SIGSEGV: si_errno=0, si_code=128 (), si_addr=0x00000000

Registers:
EAX=0x70ac9508, EBX=0x703a98b0, ECX=0xb4dc1400, EDX=0x943e4540
ESP=0xb4a0a5c0, EBP=0xb4a0a658, ESI=0x00000000, EDI=0x70ac9528
EIP=0xb5788fff, CR2=0x00000000, EFLAGS=0x00210216

Register to memory mapping:

EAX=0x70ac9508

[error occurred during error reporting (printing registers, top of stack, instructions near pc), id 0xb]

Stack: [0xb49bc000,0xb4a0d000],  sp=0xb4a0a5c0,  free space=313k
Native frames: (J=compiled Java code, j=interpreted, Vv=VM code, C=native code)
J  sun.nio.ch.Util.releaseTemporaryDirectBuffer(Ljava/nio/ByteBuffer;)V
j  sun.nio.ch.FileChannelImpl.read(Ljava/nio/ByteBuffer;)I+77
J  sun.font.TrueTypeFont.getTableBuffer(I)Ljava/nio/ByteBuffer;
j  sun.font.FontManager.loadLocaleNames()V+95
j  sun.font.FontManager.findFont2DAllLocales(Ljava/lang/String;I)Lsun/font/Font2D;+38
j  sun.font.FontManager.findFont2D(Ljava/lang/String;II)Lsun/font/Font2D;+920
j  sun.font.FontManager.findFont2D(Ljava/lang/String;II)Lsun/font/Font2D;+914
j  sun.font.FontManager.findFont2D(Ljava/lang/String;II)Lsun/font/Font2D;+859
j  sun.font.FontManager.getDefaultPhysicalFont()Lsun/font/PhysicalFont;+10
j  sun.font.FontManager.initialiseDeferredFont(Ljava/lang/String;)Lsun/font/PhysicalFont;+107
j  sun.font.FontManager.findOtherDeferredFont(Ljava/lang/String;I)Lsun/font/PhysicalFont;+86
j  sun.font.FontManager.findDeferredFont(Ljava/lang/String;I)Lsun/font/PhysicalFont;+14
j  sun.font.FontManager.findFont2D(Ljava/lang/String;II)Lsun/font/Font2D;+544
j  sun.font.FontManager.getDefaultPhysicalFont()Lsun/font/PhysicalFont;+10
j  sun.font.FontManager.initialiseDeferredFont(Ljava/lang/String;)Lsun/font/PhysicalFont;+107
j  sun.font.FontManager.findOtherDeferredFont(Ljava/lang/String;I)Lsun/font/PhysicalFont;+86
j  sun.font.FontManager.findDeferredFont(Ljava/lang/String;I)Lsun/font/PhysicalFont;+14
j  sun.font.FontManager.findFont2D(Ljava/lang/String;II)Lsun/font/Font2D;+544
j  sun.font.FontManager.getDefaultPhysicalFont()Lsun/font/PhysicalFont;+10
j  sun.font.FontManager.initialiseDeferredFont(Ljava/lang/String;)Lsun/font/PhysicalFont;+107
j  sun.font.FontManager.findOtherDeferredFont(Ljava/lang/String;I)Lsun/font/PhysicalFont;+86
j  sun.font.FontManager.findDeferredFont(Ljava/lang/String;I)Lsun/font/PhysicalFont;+14
j  sun.font.FontManager.findFont2D(Ljava/lang/String;II)Lsun/font/Font2D;+544
j  sun.font.FontManager.getDefaultPhysicalFont()Lsun/font/PhysicalFont;+10
j  sun.font.FontManager.initialiseDeferredFont(Ljava/lang/String;)Lsun/font/PhysicalFont;+107
j  sun.font.FontManager.findOtherDeferredFont(Ljava/lang/String;I)Lsun/font/PhysicalFont;+86
j  sun.font.FontManager.findDeferredFont(Ljava/lang/String;I)Lsun/font/PhysicalFont;+14
j  sun.font.FontManager.findFont2D(Ljava/lang/String;II)Lsun/font/Font2D;+544
j  sun.font.FontManager.getDefaultPhysicalFont()Lsun/font/PhysicalFont;+10
j  sun.font.FontManager.initialiseDeferredFont(Ljava/lang/String;)Lsun/font/PhysicalFont;+107
j  sun.font.FontManager.findOtherDeferredFont(Ljava/lang/String;I)Lsun/font/PhysicalFont;+86
j  sun.font.FontManager.findDeferredFont(Ljava/lang/String;I)Lsun/font/PhysicalFont;+14
j  sun.font.FontManager.findFont2D(Ljava/lang/String;II)Lsun/font/Font2D;+544
j  sun.font.FontManager.getDefaultPhysicalFont()Lsun/font/PhysicalFont;+10
j  sun.font.FontManager.initialiseDeferredFont(Ljava/lang/String;)Lsun/font/PhysicalFont;+107
j  sun.font.FontManager.findOtherDeferredFont(Ljava/lang/String;I)Lsun/font/PhysicalFont;+86
j  sun.font.FontManager.findDeferredFont(Ljava/lang/String;I)Lsun/font/PhysicalFont;+14
j  sun.font.FontManager.findFont2D(Ljava/lang/String;II)Lsun/font/Font2D;+544
j  sun.font.FontManager.getDefaultPhysicalFont()Lsun/font/PhysicalFont;+10
j  sun.font.FontManager.initialiseDeferredFont(Ljava/lang/String;)Lsun/font/PhysicalFont;+107
j  sun.font.FontManager.findOtherDeferredFont(Ljava/lang/String;I)Lsun/font/PhysicalFont;+86
j  sun.font.FontManager.findDeferredFont(Ljava/lang/String;I)Lsun/font/PhysicalFont;+14
j  sun.font.FontManager.findFont2D(Ljava/lang/String;II)Lsun/font/Font2D;+544
j  sun.font.FontManager.getDefaultPhysicalFont()Lsun/font/PhysicalFont;+10
j  sun.font.FontManager.initialiseDeferredFont(Ljava/lang/String;)Lsun/font/PhysicalFont;+107
j  sun.font.FontManager.findOtherDeferredFont(Ljava/lang/String;I)Lsun/font/PhysicalFont;+86
j  sun.font.FontManager.findDeferredFont(Ljava/lang/String;I)Lsun/font/PhysicalFont;+14
j  sun.font.FontManager.findFont2D(Ljava/lang/String;II)Lsun/font/Font2D;+544
j  sun.font.FontManager.getDefaultPhysicalFont()Lsun/font/PhysicalFont;+10
j  sun.font.FontManager.initialiseDeferredFont(Ljava/lang/String;)Lsun/font/PhysicalFont;+107
j  sun.font.FontManager.findOtherDeferredFont(Ljava/lang/String;I)Lsun/font/PhysicalFont;+86
j  sun.font.FontManager.findDeferredFont(Ljava/lang/String;I)Lsun/font/PhysicalFont;+14
j  sun.font.FontManager.findFont2D(Ljava/lang/String;II)Lsun/font/Font2D;+544
j  sun.font.FontManager.getDefaultPhysicalFont()Lsun/font/PhysicalFont;+10
j  sun.font.FontManager.initialiseDeferredFont(Ljava/lang/String;)Lsun/font/PhysicalFont;+107
j  sun.font.FontManager.findOtherDeferredFont(Ljava/lang/String;I)Lsun/font/PhysicalFont;+86
j  sun.font.FontManager.findDeferredFont(Ljava/lang/String;I)Lsun/font/PhysicalFont;+14
j  sun.font.FontManager.findFont2D(Ljava/lang/String;II)Lsun/font/Font2D;+544
j  sun.font.FontManager.getDefaultPhysicalFont()Lsun/font/PhysicalFont;+10
j  sun.font.FontManager.initialiseDeferredFont(Ljava/lang/String;)Lsun/font/PhysicalFont;+107
j  sun.font.FontManager.findOtherDeferredFont(Ljava/lang/String;I)Lsun/font/PhysicalFont;+86
j  sun.font.FontManager.findDeferredFont(Ljava/lang/String;I)Lsun/font/PhysicalFont;+14
j  sun.font.FontManager.findFont2D(Ljava/lang/String;II)Lsun/font/Font2D;+544
j  sun.font.FontManager.getDefaultPhysicalFont()Lsun/font/PhysicalFont;+10
j  sun.font.FontManager.initialiseDeferredFont(Ljava/lang/String;)Lsun/font/PhysicalFont;+107
j  sun.font.FontManager.findOtherDeferredFont(Ljava/lang/String;I)Lsun/font/PhysicalFont;+86
j  sun.font.FontManager.findDeferredFont(Ljava/lang/String;I)Lsun/font/PhysicalFont;+14
j  sun.font.FontManager.findFont2D(Ljava/lang/String;II)Lsun/font/Font2D;+544
j  sun.font.FontManager.findFont2D(Ljava/lang/String;II)Lsun/font/Font2D;+409
j  java.awt.Font.getFont2D()Lsun/font/Font2D;+75
v  ~StubRoutines::call_stub
V  [libjvm.so+0x209ab2]
V  [libjvm.so+0x30a629]
V  [libjvm.so+0x2089ef]
V  [libjvm.so+0x214599]
V  [libjvm.so+0x21506f]
C  [libfontmanager.so+0x8a43]  Java_sun_font_FontManager_getFont2D+0x33
j  sun.font.FontManager.getFont2D(Ljava/awt/Font;)Lsun/font/Font2D;+0
j  sun.font.FontDesignMetrics.initMatrixAndMetrics()V+4
j  sun.font.FontDesignMetrics.<init>(Ljava/awt/Font;Ljava/awt/font/FontRenderContext;)V+62
j  sun.font.FontDesignMetrics.getMetrics(Ljava/awt/Font;Ljava/awt/font/FontRenderContext;)Lsun/font/FontDesignMetrics;+120
j  sun.font.FontDesignMetrics.getMetrics(Ljava/awt/Font;)Lsun/font/FontDesignMetrics;+4
j  java.awt.Component.getFontMetrics(Ljava/awt/Font;)Ljava/awt/FontMetrics;+35
j  org.rscdaemon.client.GameImage.loadFont(Ljava/lang/String;ILorg/rscdaemon/client/GameWindow;)V+169
j  org.rscdaemon.client.GameWindow.loadFonts()V+4
j  org.rscdaemon.client.GameWindow.drawLoadingLogo()V+26
j  org.rscdaemon.client.GameWindow.run()V+22
j  java.lang.Thread.run()V+11
v  ~StubRoutines::call_stub
V  [libjvm.so+0x209ab2]
V  [libjvm.so+0x30a629]
V  [libjvm.so+0x2089ef]
V  [libjvm.so+0x20953a]
V  [libjvm.so+0x209698]
V  [libjvm.so+0x253e61]
V  [libjvm.so+0x3bb45c]
V  [libjvm.so+0x3bb522]
V  [libjvm.so+0x311071]
C  [libpthread.so.0+0x596e]


---------------  P R O C E S S  ---------------

Java Threads: ( => current thread )
  0x09422400 JavaThread "Image Fetcher 0" daemon [_thread_blocked, id=7398, stack(0xb496b000,0xb49bc000)]
  0xb4dc2c00 JavaThread "DestroyJavaVM" [_thread_blocked, id=7381, stack(0xb7706000,0xb7757000)]
=>0xb4dc1400 JavaThread "Thread-2" [_thread_in_Java, id=7397, stack(0xb49bc000,0xb4a0d000)]
  0xb4dc0000 JavaThread "AWT-EventQueue-0" [_thread_blocked, id=7396, stack(0xb4a0d000,0xb4a5e000)]
  0xb4dbec00 JavaThread "AWT-Shutdown" [_thread_blocked, id=7395, stack(0xb4a5e000,0xb4aaf000)]
  0xb4db3800 JavaThread "AWT-XAWT" daemon [_thread_in_native, id=7390, stack(0xb4aaf000,0xb4b00000)]
  0xb5040400 JavaThread "Java2D Disposer" daemon [_thread_blocked, id=7389, stack(0xb4caf000,0xb4d00000)]
  0xb5008000 JavaThread "Low Memory Detector" daemon [_thread_blocked, id=7387, stack(0xb4edd000,0xb4f2e000)]
  0xb5006000 JavaThread "CompilerThread0" daemon [_thread_blocked, id=7386, stack(0xb4f2e000,0xb4faf000)]
  0xb5004800 JavaThread "Signal Dispatcher" daemon [_thread_blocked, id=7385, stack(0xb4faf000,0xb5000000)]
  0x09456000 JavaThread "Finalizer" daemon [_thread_blocked, id=7384, stack(0xb5166000,0xb51b7000)]
  0x09451400 JavaThread "Reference Handler" daemon [_thread_blocked, id=7383, stack(0xb51b7000,0xb5208000)]

Other Threads:
  0x0944f800 VMThread [stack: 0xb5208000,0xb5289000] [id=7382]
  0xb500a800 WatcherThread [stack: 0xb4e5c000,0xb4edd000] [id=7388]

VM state:not at safepoint (normal execution)

VM Mutex/Monitor currently owned by a thread: None

Heap
 def new generation   total 39296K, used 17887K [0x6f9d0000, 0x72470000, 0x7a470000)
  eden space 34944K,  51% used [0x6f9d0000, 0x70b47f28, 0x71bf0000)
  from space 4352K,   0% used [0x71bf0000, 0x71bf0000, 0x72030000)
  to   space 4352K,   0% used [0x72030000, 0x72030000, 0x72470000)
 tenured generation   total 87424K, used 0K [0x7a470000, 0x7f9d0000, 0x8f9d0000)
   the space 87424K,   0% used [0x7a470000, 0x7a470000, 0x7a470200, 0x7f9d0000)
 compacting perm gen  total 12288K, used 789K [0x8f9d0000, 0x905d0000, 0x939d0000)
   the space 12288K,   6% used [0x8f9d0000, 0x8fa95708, 0x8fa95800, 0x905d0000)
    ro space 10240K,  73% used [0x939d0000, 0x94128a38, 0x94128c00, 0x943d0000)
    rw space 12288K,  60% used [0x943d0000, 0x94b10ea0, 0x94b11000, 0x94fd0000)

Dynamic libraries:
00110000-00134000 r-xp 00000000 08:01 274596     /lib/tls/i686/cmov/libm-2.11.1.so
00134000-00135000 r--p 00023000 08:01 274596     /lib/tls/i686/cmov/libm-2.11.1.so
00135000-00136000 rw-p 00024000 08:01 274596     /lib/tls/i686/cmov/libm-2.11.1.so
00136000-001bb000 r-xp 00000000 08:01 395181     /usr/lib/jvm/java-6-openjdk/jre/lib/i386/libawt.so
001bb000-001bc000 r--p 00085000 08:01 395181     /usr/lib/jvm/java-6-openjdk/jre/lib/i386/libawt.so
001bc000-001c2000 rw-p 00086000 08:01 395181     /usr/lib/jvm/java-6-openjdk/jre/lib/i386/libawt.so
001c2000-001e7000 rw-p 00000000 00:00 0 
001e7000-001f5000 r-xp 00000000 08:01 1627       /usr/lib/libXext.so.6.4.0
001f5000-001f6000 r--p 0000d000 08:01 1627       /usr/lib/libXext.so.6.4.0
001f6000-001f7000 rw-p 0000e000 08:01 1627       /usr/lib/libXext.so.6.4.0
001f7000-001fb000 r-xp 00000000 08:01 541        /usr/lib/libXtst.so.6.1.0
001fb000-001fc000 r--p 00003000 08:01 541        /usr/lib/libXtst.so.6.1.0
001fc000-001fd000 rw-p 00004000 08:01 541        /usr/lib/libXtst.so.6.1.0
001fd000-00209000 r-xp 00000000 08:01 2286       /usr/lib/libXi.so.6.1.0
00209000-0020a000 r--p 0000c000 08:01 2286       /usr/lib/libXi.so.6.1.0
0020a000-0020b000 rw-p 0000d000 08:01 2286       /usr/lib/libXi.so.6.1.0
0020b000-0020d000 r-xp 00000000 08:01 141        /usr/lib/libXau.so.6.0.0
0020d000-0020e000 r--p 00001000 08:01 141        /usr/lib/libXau.so.6.0.0
0020e000-0020f000 rw-p 00002000 08:01 141        /usr/lib/libXau.so.6.0.0
0020f000-00213000 r-xp 00000000 08:01 441        /usr/lib/libXdmcp.so.6.0.0
00213000-00214000 r--p 00003000 08:01 441        /usr/lib/libXdmcp.so.6.0.0
00214000-00215000 rw-p 00004000 08:01 441        /usr/lib/libXdmcp.so.6.0.0
00215000-00219000 r-xp 00000000 08:01 1665       /usr/lib/libXfixes.so.3.1.0
00219000-0021a000 r--p 00003000 08:01 1665       /usr/lib/libXfixes.so.3.1.0
0021a000-0021b000 rw-p 00004000 08:01 1665       /usr/lib/libXfixes.so.3.1.0
0021f000-00234000 r-xp 00000000 08:01 275793     /lib/tls/i686/cmov/libpthread-2.11.1.so
00234000-00235000 r--p 00014000 08:01 275793     /lib/tls/i686/cmov/libpthread-2.11.1.so
00235000-00236000 rw-p 00015000 08:01 275793     /lib/tls/i686/cmov/libpthread-2.11.1.so
00236000-00238000 rw-p 00000000 00:00 0 
00238000-0038b000 r-xp 00000000 08:01 274586     /lib/tls/i686/cmov/libc-2.11.1.so
0038b000-0038c000 ---p 00153000 08:01 274586     /lib/tls/i686/cmov/libc-2.11.1.so
0038c000-0038e000 r--p 00153000 08:01 274586     /lib/tls/i686/cmov/libc-2.11.1.so
0038e000-0038f000 rw-p 00155000 08:01 274586     /lib/tls/i686/cmov/libc-2.11.1.so
0038f000-00392000 rw-p 00000000 00:00 0 
00392000-003aa000 r-xp 00000000 08:01 827        /usr/lib/libxcb.so.1.1.0
003aa000-003ab000 r--p 00017000 08:01 827        /usr/lib/libxcb.so.1.1.0
003ab000-003ac000 rw-p 00018000 08:01 827        /usr/lib/libxcb.so.1.1.0
003ac000-003b6000 r-xp 00000000 08:01 274601     /lib/tls/i686/cmov/libnss_files-2.11.1.so
003b6000-003b7000 r--p 00009000 08:01 274601     /lib/tls/i686/cmov/libnss_files-2.11.1.so
003b7000-003b8000 rw-p 0000a000 08:01 274601     /lib/tls/i686/cmov/libnss_files-2.11.1.so
003cd000-003e0000 r-xp 00000000 08:01 274598     /lib/tls/i686/cmov/libnsl-2.11.1.so
003e0000-003e1000 r--p 00012000 08:01 274598     /lib/tls/i686/cmov/libnsl-2.11.1.so
003e1000-003e2000 rw-p 00013000 08:01 274598     /lib/tls/i686/cmov/libnsl-2.11.1.so
003e2000-003e4000 rw-p 00000000 00:00 0 
003e4000-00428000 r-xp 00000000 08:01 395290     /usr/lib/jvm/java-6-openjdk/jre/lib/i386/libfontmanager.so
00428000-0042a000 r--p 00043000 08:01 395290     /usr/lib/jvm/java-6-openjdk/jre/lib/i386/libfontmanager.so
0042a000-0042b000 rw-p 00045000 08:01 395290     /usr/lib/jvm/java-6-openjdk/jre/lib/i386/libfontmanager.so
0042b000-00430000 rw-p 00000000 00:00 0 
00498000-004b5000 r-xp 00000000 08:01 979        /lib/libgcc_s.so.1
004b5000-004b6000 r--p 0001c000 08:01 979        /lib/libgcc_s.so.1
004b6000-004b7000 rw-p 0001d000 08:01 979        /lib/libgcc_s.so.1
004cb000-004d2000 r-xp 00000000 08:01 395734     /usr/lib/jvm/java-6-openjdk/jre/lib/i386/native_threads/libhpi.so
004d2000-004d3000 r--p 00006000 08:01 395734     /usr/lib/jvm/java-6-openjdk/jre/lib/i386/native_threads/libhpi.so
004d3000-004d4000 rw-p 00007000 08:01 395734     /usr/lib/jvm/java-6-openjdk/jre/lib/i386/native_threads/libhpi.so
004f0000-004f1000 r-xp 00000000 00:00 0          [vdso]
004f1000-0060a000 r-xp 00000000 08:01 883        /usr/lib/libX11.so.6.3.0
0060a000-0060b000 r--p 00118000 08:01 883        /usr/lib/libX11.so.6.3.0
0060b000-0060d000 rw-p 00119000 08:01 883        /usr/lib/libX11.so.6.3.0
0060d000-0060e000 rw-p 00000000 00:00 0 
0060e000-0067f000 r-xp 00000000 08:01 728        /usr/lib/libfreetype.so.6.3.22
0067f000-00683000 r--p 00070000 08:01 728        /usr/lib/libfreetype.so.6.3.22
00683000-00684000 rw-p 00074000 08:01 728        /usr/lib/libfreetype.so.6.3.22
00692000-00694000 r-xp 00000000 08:01 274595     /lib/tls/i686/cmov/libdl-2.11.1.so
00694000-00695000 r--p 00001000 08:01 274595     /lib/tls/i686/cmov/libdl-2.11.1.so
00695000-00696000 rw-p 00002000 08:01 274595     /lib/tls/i686/cmov/libdl-2.11.1.so
00834000-00858000 r-xp 00000000 08:01 395715     /usr/lib/jvm/java-6-openjdk/jre/lib/i386/libjava.so
00858000-00859000 r--p 00023000 08:01 395715     /usr/lib/jvm/java-6-openjdk/jre/lib/i386/libjava.so
00859000-0085b000 rw-p 00024000 08:01 395715     /usr/lib/jvm/java-6-openjdk/jre/lib/i386/libjava.so
008ab000-008b3000 r-xp 00000000 08:01 2282       /usr/lib/libXcursor.so.1.0.2
008b3000-008b4000 r--p 00007000 08:01 2282       /usr/lib/libXcursor.so.1.0.2
008b4000-008b5000 rw-p 00008000 08:01 2282       /usr/lib/libXcursor.so.1.0.2
00917000-0092a000 r-xp 00000000 08:01 414        /lib/libz.so.1.2.3.3
0092a000-0092b000 r--p 00012000 08:01 414        /lib/libz.so.1.2.3.3
0092b000-0092c000 rw-p 00013000 08:01 414        /lib/libz.so.1.2.3.3
009a6000-009a9000 r-xp 00000000 08:01 395175     /usr/lib/jvm/java-6-openjdk/jre/lib/i386/jli/libjli.so
009a9000-009aa000 r--p 00003000 08:01 395175     /usr/lib/jvm/java-6-openjdk/jre/lib/i386/jli/libjli.so
009aa000-009ab000 rw-p 00004000 08:01 395175     /usr/lib/jvm/java-6-openjdk/jre/lib/i386/jli/libjli.so
00a82000-00ac7000 r-xp 00000000 08:01 396085     /usr/lib/jvm/java-6-openjdk/jre/lib/i386/xawt/libmawt.so
00ac7000-00ac8000 r--p 00044000 08:01 396085     /usr/lib/jvm/java-6-openjdk/jre/lib/i386/xawt/libmawt.so
00ac8000-00aca000 rw-p 00045000 08:01 396085     /usr/lib/jvm/java-6-openjdk/jre/lib/i386/xawt/libmawt.so
00aca000-00acb000 rw-p 00000000 00:00 0 
00adc000-00af0000 r-xp 00000000 08:01 395726     /usr/lib/jvm/java-6-openjdk/jre/lib/i386/libnet.so
00af0000-00af1000 r--p 00013000 08:01 395726     /usr/lib/jvm/java-6-openjdk/jre/lib/i386/libnet.so
00af1000-00af2000 rw-p 00014000 08:01 395726     /usr/lib/jvm/java-6-openjdk/jre/lib/i386/libnet.so
00b52000-00b59000 r-xp 00000000 08:01 276184     /lib/tls/i686/cmov/librt-2.11.1.so
00b59000-00b5a000 r--p 00006000 08:01 276184     /lib/tls/i686/cmov/librt-2.11.1.so
00b5a000-00b5b000 rw-p 00007000 08:01 276184     /lib/tls/i686/cmov/librt-2.11.1.so
00be4000-00bec000 r-xp 00000000 08:01 987        /usr/lib/libXrender.so.1.3.0
00bec000-00bed000 r--p 00007000 08:01 987        /usr/lib/libXrender.so.1.3.0
00bed000-00bee000 rw-p 00008000 08:01 987        /usr/lib/libXrender.so.1.3.0
00c7c000-00c88000 r-xp 00000000 08:01 395732     /usr/lib/jvm/java-6-openjdk/jre/lib/i386/libverify.so
00c88000-00c89000 r--p 0000b000 08:01 395732     /usr/lib/jvm/java-6-openjdk/jre/lib/i386/libverify.so
00c89000-00c8a000 rw-p 0000c000 08:01 395732     /usr/lib/jvm/java-6-openjdk/jre/lib/i386/libverify.so
00cbd000-00cc4000 r-xp 00000000 08:01 395733     /usr/lib/jvm/java-6-openjdk/jre/lib/i386/libzip.so
00cc4000-00cc5000 r--p 00006000 08:01 395733     /usr/lib/jvm/java-6-openjdk/jre/lib/i386/libzip.so
00cc5000-00cc6000 rw-p 00007000 08:01 395733     /usr/lib/jvm/java-6-openjdk/jre/lib/i386/libzip.so
00d5e000-00d65000 r-xp 00000000 08:01 395727     /usr/lib/jvm/java-6-openjdk/jre/lib/i386/libnio.so
00d65000-00d66000 r--p 00006000 08:01 395727     /usr/lib/jvm/java-6-openjdk/jre/lib/i386/libnio.so
00d66000-00d67000 rw-p 00007000 08:01 395727     /usr/lib/jvm/java-6-openjdk/jre/lib/i386/libnio.so
00da7000-00dc2000 r-xp 00000000 08:01 567        /lib/ld-2.11.1.so
00dc2000-00dc3000 r--p 0001a000 08:01 567        /lib/ld-2.11.1.so
00dc3000-00dc4000 rw-p 0001b000 08:01 567        /lib/ld-2.11.1.so
00dc4000-01217000 r-xp 00000000 08:01 394624     /usr/lib/jvm/java-6-openjdk/jre/lib/i386/client/libjvm.so
01217000-01218000 ---p 00453000 08:01 394624     /usr/lib/jvm/java-6-openjdk/jre/lib/i386/client/libjvm.so
01218000-0122f000 r--p 00453000 08:01 394624     /usr/lib/jvm/java-6-openjdk/jre/lib/i386/client/libjvm.so
0122f000-0123c000 rw-p 0046a000 08:01 394624     /usr/lib/jvm/java-6-openjdk/jre/lib/i386/client/libjvm.so
0123c000-01658000 rw-p 00000000 00:00 0 
08048000-08051000 r-xp 00000000 08:01 396127     /usr/lib/jvm/java-6-openjdk/jre/bin/java
08051000-08052000 r--p 00008000 08:01 396127     /usr/lib/jvm/java-6-openjdk/jre/bin/java
08052000-08053000 rw-p 00009000 08:01 396127     /usr/lib/jvm/java-6-openjdk/jre/bin/java
0941d000-09600000 rw-p 00000000 00:00 0          [heap]
6f9d0000-72470000 rw-p 00000000 00:00 0 
72470000-7a470000 rw-p 00000000 00:00 0 
7a470000-7f9d0000 rw-p 00000000 00:00 0 
7f9d0000-8f9d0000 rw-p 00000000 00:00 0 
8f9d0000-905d0000 rw-p 00000000 00:00 0 
905d0000-939d0000 rw-p 00000000 00:00 0 
939d0000-94129000 r--s 00001000 08:01 393515     /usr/lib/jvm/java-6-openjdk/jre/lib/i386/client/classes.jsa
94129000-943d0000 rw-p 00000000 00:00 0 
943d0000-94b11000 rw-p 0075a000 08:01 393515     /usr/lib/jvm/java-6-openjdk/jre/lib/i386/client/classes.jsa
94b11000-94fd0000 rw-p 00000000 00:00 0 
94fd0000-950cb000 rw-p 00e9b000 08:01 393515     /usr/lib/jvm/java-6-openjdk/jre/lib/i386/client/classes.jsa
950cb000-953d0000 rw-p 00000000 00:00 0 
953d0000-953d8000 r-xs 00f96000 08:01 393515     /usr/lib/jvm/java-6-openjdk/jre/lib/i386/client/classes.jsa
953d8000-957d0000 rw-p 00000000 00:00 0 
b44c2000-b44d8000 r--s 00000000 08:01 265470     /usr/share/fonts/type1/gsfonts/n022024l.pfb
b44d8000-b44e2000 r--s 00000000 08:01 297127     /usr/share/fonts/X11/Type1/c0611bt_.pfb
b44e2000-b44f4000 r--s 00000000 08:01 265428     /usr/share/fonts/type1/gsfonts/n019004l.pfb
b44f4000-b450a000 r--s 00000000 08:01 265458     /usr/share/fonts/type1/gsfonts/n021024l.pfb
b450a000-b451a000 r--s 00000000 08:01 265386     /usr/share/fonts/type1/gsfonts/a010013l.pfb
b451a000-b4523000 r--s 00000000 08:01 265485     /usr/share/fonts/type1/gsfonts/s050000l.pfb
b4523000-b4536000 r--s 00000000 08:01 265446     /usr/share/fonts/type1/gsfonts/n019064l.pfb
b4536000-b4551000 r--s 00000000 08:01 265479     /usr/share/fonts/type1/gsfonts/p052023l.pfb
b4551000-b456c000 r--s 00000000 08:01 265476     /usr/share/fonts/type1/gsfonts/p052004l.pfb
b456c000-b4584000 r--s 00000000 08:01 265416     /usr/share/fonts/type1/gsfonts/c059033l.pfb
b4584000-b458d000 r--s 00000000 08:01 297215     /usr/share/fonts/X11/Type1/c0632bt_.pfb
b458d000-b459e000 r--s 00000000 08:01 265431     /usr/share/fonts/type1/gsfonts/n019023l.pfb
b459e000-b45a7000 r--s 00000000 08:01 298149     /usr/share/fonts/X11/Type1/c0633bt_.pfb
b45a7000-b45b1000 r--s 00000000 08:01 297863     /usr/share/fonts/X11/Type1/c0582bt_.pfb
b45b1000-b45c2000 r--s 00000000 08:01 265434     /usr/share/fonts/type1/gsfonts/n019024l.pfb
b45c2000-b45d8000 r--s 00000000 08:01 265467     /usr/share/fonts/type1/gsfonts/n022023l.pfb
b45d8000-b45ec000 r--s 00000000 08:01 265425     /usr/share/fonts/type1/gsfonts/n019003l.pfb
b45ec000-b45fd000 r--s 00000000 08:01 265395     /usr/share/fonts/type1/gsfonts/a010035l.pfb
b45fd000-b460d000 r--s 00000000 08:01 265392     /usr/share/fonts/type1/gsfonts/a010033l.pfb
b460d000-b4624000 r--s 00000000 08:01 265455     /usr/share/fonts/type1/gsfonts/n021023l.pfb
b4624000-b462e000 r--s 00000000 08:01 297694     /usr/share/fonts/X11/Type1/c0583bt_.pfb
b462e000-b4643000 r--s 00000000 08:01 265404     /usr/share/fonts/type1/gsfonts/b018032l.pfb
b4643000-b465c000 r--s 00000000 08:01 265398     /usr/share/fonts/type1/gsfonts/b018012l.pfb
b465c000-b4673000 r--s 00000000 08:01 265488     /usr/share/fonts/type1/gsfonts/z003034l.pfb
b4673000-b468f000 r--s 00000000 08:01 265482     /usr/share/fonts/type1/gsfonts/p052024l.pfb
b468f000-b46aa000 r--s 00000000 08:01 265413     /usr/share/fonts/type1/gsfonts/c059016l.pfb
b46aa000-b46c2000 r--s 00000000 08:01 265461     /usr/share/fonts/type1/gsfonts/n022003l.pfb
b46c2000-b46cc000 r--s 00000000 08:01 918207     /usr/share/fonts/type1/mathml/Symbol.pfb
b46cc000-b46dd000 r--s 00000000 08:01 265443     /usr/share/fonts/type1/gsfonts/n019063l.pfb
b46dd000-b46ef000 r--s 00000000 08:01 265437     /usr/share/fonts/type1/gsfonts/n019043l.pfb
b46ef000-b46f8000 r--s 00000000 08:01 297409     /usr/share/fonts/X11/Type1/c0648bt_.pfb
b46f8000-b4702000 r--s 00000000 08:01 296870     /usr/share/fonts/X11/Type1/c0419bt_.pfb
b4702000-b471b000 r--s 00000000 08:01 265449     /usr/share/fonts/type1/gsfonts/n021003l.pfb
b471b000-b472d000 r--s 00000000 08:01 265407     /usr/share/fonts/type1/gsfonts/b018035l.pfb
b472d000-b4736000 r--s 00000000 08:01 296806     /usr/share/fonts/X11/Type1/c0649bt_.pfb
b4736000-b4748000 r--s 00000000 08:01 265440     /usr/share/fonts/type1/gsfonts/n019044l.pfb
b4748000-b4760000 r--s 00000000 08:01 265419     /usr/share/fonts/type1/gsfonts/c059036l.pfb
b4760000-b4779000 r--s 00000000 08:01 265464     /usr/share/fonts/type1/gsfonts/n022004l.pfb
b4779000-b4824000 rw-s 00000000 00:04 3866640    /SYSV00000000 (deleted)
b4824000-b48ee000 rw-p 00000000 00:00 0 
b48ee000-b4907000 r--s 00000000 08:01 265452     /usr/share/fonts/type1/gsfonts/n021004l.pfb
b4907000-b4922000 r--s 00000000 08:01 265473     /usr/share/fonts/type1/gsfonts/p052003l.pfb
b4922000-b492e000 r--s 00000000 08:01 265422     /usr/share/fonts/type1/gsfonts/d050000l.pfb
b492e000-b4948000 r--s 00000000 08:01 265410     /usr/share/fonts/type1/gsfonts/c059013l.pfb
b4948000-b4958000 r--s 00000000 08:01 265389     /usr/share/fonts/type1/gsfonts/a010015l.pfb
b4958000-b496b000 r--s 00000000 08:01 265401     /usr/share/fonts/type1/gsfonts/b018015l.pfb
b496b000-b496e000 ---p 00000000 00:00 0 
b496e000-b49bc000 rw-p 00000000 00:00 0 
b49bc000-b49bf000 ---p 00000000 00:00 0 
b49bf000-b4a0d000 rw-p 00000000 00:00 0 
b4a0d000-b4a10000 ---p 00000000 00:00 0 
b4a10000-b4a5e000 rw-p 00000000 00:00 0 
b4a5e000-b4a61000 ---p 00000000 00:00 0 
b4a61000-b4aaf000 rw-p 00000000 00:00 0 
b4aaf000-b4ab2000 ---p 00000000 00:00 0 
b4ab2000-b4b00000 rw-p 00000000 00:00 0 
b4b00000-b4b8b000 rw-p 00000000 00:00 0 
b4b8b000-b4c00000 ---p 00000000 00:00 0 
b4c04000-b4c0a000 r--s 000fc000 08:01 395165     /usr/lib/jvm/java-6-openjdk/jre/lib/resources.jar
b4c0a000-b4c0b000 r--s 00000000 08:01 303760     /var/cache/fontconfig/c05880de57d1f5e948fdfacc138775d9-le32d4.cache-3
b4c0b000-b4c11000 r--s 00000000 08:01 296735     /var/cache/fontconfig/945677eb7aeaf62f1d50efc3fb3ec7d8-le32d4.cache-3
b4c11000-b4c14000 r--s 00000000 08:01 295859     /var/cache/fontconfig/99e8ed0e538f840c565b6ed5dad60d56-le32d4.cache-3
b4c14000-b4c16000 r--s 00000000 08:01 298293     /var/cache/fontconfig/f24b2111ab8703b4e963115a8cf14259-le32d4.cache-3
b4c16000-b4c19000 r--s 00000000 08:01 298249     /var/cache/fontconfig/e383d7ea5fbe662a33d9b44caf393297-le32d4.cache-3
b4c19000-b4c1a000 r--s 00000000 08:01 298124     /var/cache/fontconfig/e7071f4a29fa870f4323321c154eba04-le32d4.cache-3
b4c1a000-b4c1c000 r--s 00000000 08:01 318141     /var/cache/fontconfig/b5ea634b0fb353b8ea17632d1f9ef766-le32d4.cache-3
b4c1c000-b4c1f000 r--s 00000000 08:01 297958     /var/cache/fontconfig/6eb3985aa4124903f6ff08ba781cd364-le32d4.cache-3
b4c1f000-b4c20000 r--s 00000000 08:01 297843     /var/cache/fontconfig/4c73fe0c47614734b17d736dbde7580a-le32d4.cache-3
b4c20000-b4c21000 r--s 00000000 08:01 297671     /var/cache/fontconfig/0d8c3b2ac0904cb8a57a757ad11a4a08-le32d4.cache-3
b4c21000-b4c22000 r--s 00000000 08:01 295853     /var/cache/fontconfig/6a53c69dea097a2d716e069445527da8-le32d4.cache-3
b4c22000-b4c26000 r--s 00000000 08:01 297619     /var/cache/fontconfig/062808c12e6e608270f93bb230aed730-le32d4.cache-3
b4c26000-b4c2a000 r--s 00000000 08:01 295855     /var/cache/fontconfig/a755afe4a08bf5b97852ceb7400b47bc-le32d4.cache-3
b4c2a000-b4c31000 r--s 00000000 08:01 275909     /var/cache/fontconfig/6d41288fd70b0be22e8c3a91e032eec0-le32d4.cache-3
b4c31000-b4c3c000 r--s 00000000 08:01 301394     /var/cache/fontconfig/0f34bcd4b6ee430af32735b75db7f02b-le32d4.cache-3
b4c3c000-b4c3f000 r--s 00000000 08:01 296726     /var/cache/fontconfig/d60319d88cac85ba9e1a07bd06cfbb8c-le32d4.cache-3
b4c3f000-b4c40000 r--s 00000000 08:01 285721     /var/cache/fontconfig/4794a0821666d79190d59a36cb4f44b5-le32d4.cache-3
b4c40000-b4c62000 r--s 00000000 08:01 303453     /var/cache/fontconfig/365b55f210c0a22e9a19e35191240f32-le32d4.cache-3
b4c62000-b4c64000 r--s 00000000 08:01 295858     /var/cache/fontconfig/2c5ba8142dffc8bf0377700342b8ca1a-le32d4.cache-3
b4c64000-b4c6c000 r--s 00000000 08:01 297314     /var/cache/fontconfig/d52a8644073d54c13679302ca1180695-le32d4.cache-3
b4c6c000-b4c72000 r--s 00000000 08:01 297189     /var/cache/fontconfig/089dead882dea3570ffc31a9898cfb69-le32d4.cache-3
b4c72000-b4c7a000 r--s 00000000 08:01 262902     /var/cache/fontconfig/e13b20fdb08344e0e664864cc2ede53d-le32d4.cache-3
b4c7a000-b4c7d000 r--s 00000000 08:01 303442     /var/cache/fontconfig/7ef2298fde41cc6eeb7af42e48b7d293-le32d4.cache-3
b4c7d000-b4c7e000 r--s 00000000 08:01 303760     /var/cache/fontconfig/c05880de57d1f5e948fdfacc138775d9-le32d4.cache-3
b4c7e000-b4c84000 r--s 00000000 08:01 296735     /var/cache/fontconfig/945677eb7aeaf62f1d50efc3fb3ec7d8-le32d4.cache-3
b4c84000-b4c87000 r--s 00000000 08:01 295859     /var/cache/fontconfig/99e8ed0e538f840c565b6ed5dad60d56-le32d4.cache-3
b4c87000-b4c89000 r--s 00000000 08:01 298293     /var/cache/fontconfig/f24b2111ab8703b4e963115a8cf14259-le32d4.cache-3
b4c89000-b4c8c000 r--s 00000000 08:01 298249     /var/cache/fontconfig/e383d7ea5fbe662a33d9b44caf393297-le32d4.cache-3
b4c8c000-b4c8d000 r--s 00000000 08:01 298124     /var/cache/fontconfig/e7071f4a29fa870f4323321c154eba04-le32d4.cache-3
b4c8d000-b4c8f000 r--s 00000000 08:01 318141     /var/cache/fontconfig/b5ea634b0fb353b8ea17632d1f9ef766-le32d4.cache-3
b4c8f000-b4c92000 r--s 00000000 08:01 297958     /var/cache/fontconfig/6eb3985aa4124903f6ff08ba781cd364-le32d4.cache-3
b4c92000-b4c93000 r--s 00000000 08:01 297843     /var/cache/fontconfig/4c73fe0c47614734b17d736dbde7580a-le32d4.cache-3
b4c93000-b4c94000 r--s 00000000 08:01 297671     /var/cache/fontconfig/0d8c3b2ac0904cb8a57a757ad11a4a08-le32d4.cache-3
b4c94000-b4c95000 r--s 00000000 08:01 295853     /var/cache/fontconfig/6a53c69dea097a2d716e069445527da8-le32d4.cache-3
b4c95000-b4c99000 r--s 00000000 08:01 297619     /var/cache/fontconfig/062808c12e6e608270f93bb230aed730-le32d4.cache-3
b4c99000-b4c9d000 r--s 00000000 08:01 295855     /var/cache/fontconfig/a755afe4a08bf5b97852ceb7400b47bc-le32d4.cache-3
b4c9d000-b4ca4000 r--s 00000000 08:01 275909     /var/cache/fontconfig/6d41288fd70b0be22e8c3a91e032eec0-le32d4.cache-3
b4ca4000-b4caf000 r--s 00000000 08:01 301394     /var/cache/fontconfig/0f34bcd4b6ee430af32735b75db7f02b-le32d4.cache-3
b4caf000-b4cb2000 ---p 00000000 00:00 0 
b4cb2000-b4d00000 rw-p 00000000 00:00 0 
b4d00000-b4dfe000 rw-p 00000000 00:00 0 
b4dfe000-b4e00000 ---p 00000000 00:00 0 
b4e00000-b4e03000 r--s 00000000 08:01 296726     /var/cache/fontconfig/d60319d88cac85ba9e1a07bd06cfbb8c-le32d4.cache-3
b4e03000-b4e04000 r--s 00000000 08:01 285721     /var/cache/fontconfig/4794a0821666d79190d59a36cb4f44b5-le32d4.cache-3
b4e04000-b4e26000 r--s 00000000 08:01 303453     /var/cache/fontconfig/365b55f210c0a22e9a19e35191240f32-le32d4.cache-3
b4e26000-b4e28000 r--s 00000000 08:01 295858     /var/cache/fontconfig/2c5ba8142dffc8bf0377700342b8ca1a-le32d4.cache-3
b4e28000-b4e30000 r--s 00000000 08:01 297314     /var/cache/fontconfig/d52a8644073d54c13679302ca1180695-le32d4.cache-3
b4e30000-b4e36000 r--s 00000000 08:01 297189     /var/cache/fontconfig/089dead882dea3570ffc31a9898cfb69-le32d4.cache-3
b4e36000-b4e3e000 r--s 00000000 08:01 262902     /var/cache/fontconfig/e13b20fdb08344e0e664864cc2ede53d-le32d4.cache-3
b4e3e000-b4e41000 r--s 00000000 08:01 303442     /var/cache/fontconfig/7ef2298fde41cc6eeb7af42e48b7d293-le32d4.cache-3
b4e41000-b4e5c000 r--s 001e2000 08:01 1842247    /home/lothy/Downloads/EasyRSC/Client/lib/jmf.jar
b4e5c000-b4e5d000 ---p 00000000 00:00 0 
b4e5d000-b4edd000 rw-p 00000000 00:00 0 
b4edd000-b4ee0000 ---p 00000000 00:00 0 
b4ee0000-b4f2e000 rw-p 00000000 00:00 0 
b4f2e000-b4f31000 ---p 00000000 00:00 0 
b4f31000-b4faf000 rw-p 00000000 00:00 0 
b4faf000-b4fb2000 ---p 00000000 00:00 0 
b4fb2000-b5000000 rw-p 00000000 00:00 0 
b5000000-b50ff000 rw-p 00000000 00:00 0 
b50ff000-b5100000 ---p 00000000 00:00 0 
b5101000-b5102000 r--p 00000000 00:00 0 
b5102000-b5104000 r--s 00033000 08:01 1715460    /home/lothy/Downloads/EasyRSC/Client/rscd.jar
b5104000-b5105000 r--s 00000000 08:01 1842246    /home/lothy/Downloads/EasyRSC/Client/lib/hex-string.jar
b5105000-b510c000 r--s 00039000 08:01 1842252    /home/lothy/Downloads/EasyRSC/Client/lib/xstream.jar
b510c000-b510e000 r--s 00002000 08:01 1842250    /home/lothy/Downloads/EasyRSC/Client/lib/slf4j.jar
b510e000-b510f000 r--s 00005000 08:01 1842251    /home/lothy/Downloads/EasyRSC/Client/lib/xpp3.jar
b510f000-b5117000 r--s 00046000 08:01 1842249    /home/lothy/Downloads/EasyRSC/Client/lib/mina.jar
b5117000-b5120000 r--s 00065000 08:01 301935     /usr/share/java/gnome-java-bridge.jar
b5120000-b5127000 r--s 00000000 08:01 395793     /usr/lib/gconv/gconv-modules.cache
b5127000-b5166000 r--p 00000000 08:01 786901     /usr/lib/locale/en_AU.utf8/LC_CTYPE
b5166000-b5169000 ---p 00000000 00:00 0 
b5169000-b51b7000 rw-p 00000000 00:00 0 
b51b7000-b51ba000 ---p 00000000 00:00 0 
b51ba000-b5208000 rw-p 00000000 00:00 0 
b5208000-b5209000 ---p 00000000 00:00 0 
b5209000-b5289000 rw-p 00000000 00:00 0 
b5289000-b528b000 r--s 0001d000 08:01 395164     /usr/lib/jvm/java-6-openjdk/jre/lib/plugin.jar
b528b000-b5290000 r--s 00044000 08:01 395163     /usr/lib/jvm/java-6-openjdk/jre/lib/netx.jar
b5290000-b52c3000 rw-p 00000000 00:00 0 
b52c3000-b5452000 r--s 038c2000 08:01 393627     /usr/lib/jvm/java-6-openjdk/jre/lib/rt.jar
b5452000-b5460000 rw-p 00000000 00:00 0 
b5460000-b547a000 rw-p 00000000 00:00 0 
b547a000-b54a5000 rw-p 00000000 00:00 0 
b54a5000-b5525000 rw-p 00000000 00:00 0 
b5525000-b553b000 rw-p 00000000 00:00 0 
b553b000-b557a000 rw-p 00000000 00:00 0 
b557a000-b55a5000 rw-p 00000000 00:00 0 
b55a5000-b5625000 rw-p 00000000 00:00 0 
b5625000-b562b000 rw-p 00000000 00:00 0 
b562b000-b5645000 rw-p 00000000 00:00 0 
b5645000-b5654000 rw-p 00000000 00:00 0 
b5654000-b56d1000 rw-p 00000000 00:00 0 
b56d1000-b5791000 rwxp 00000000 00:00 0 
b5791000-b76d1000 rw-p 00000000 00:00 0 
b76d1000-b7706000 r--s 00000000 08:01 1578008    /var/cache/nscd/passwd
b7706000-b7709000 ---p 00000000 00:00 0 
b7709000-b775a000 rw-p 00000000 00:00 0 
b775a000-b775d000 r--s 0000f000 08:01 394619     /usr/lib/jvm/java-6-openjdk/jre/lib/ext/pulse-java.jar
b775d000-b7763000 rw-p 00000000 00:00 0 
b7763000-b776b000 rw-s 00000000 08:01 2240103    /tmp/hsperfdata_lothy/7377
b776b000-b776c000 rw-p 00000000 00:00 0 
b776c000-b776d000 r--p 00000000 00:00 0 
b776d000-b776f000 rw-p 00000000 00:00 0 
bff31000-bff46000 rw-p 00000000 00:00 0          [stack]

VM Arguments:
jvm_args: -Xms128m -Xmx512m 
java_command: org.rscdaemon.client.mudclient /home/lothy/Downloads/EasyRSC/Client/settings.ini
Launcher Type: SUN_STANDARD

Environment Variables:
JAVA_HOME=/usr/lib/jvm/java-6-openjdk
PATH=/usr/local/sbin:/usr/local/bin:/usr/sbin:/usr/bin:/sbin:/bin:/usr/games:/home/lothy/Documents/apache-tomcat-6.0.29/bin:/usr/lib/idea-9.0.4/bin
USERNAME=lothy
LD_LIBRARY_PATH=/usr/lib/jvm/java-6-openjdk/jre/lib/i386/client:/usr/lib/jvm/java-6-openjdk/jre/lib/i386:/usr/lib/jvm/java-6-openjdk/jre/../lib/i386
SHELL=/bin/bash
DISPLAY=:0.0

Signal Handlers:
SIGSEGV: [libjvm.so+0x3ea370], sa_mask[0]=0x7ffbfeff, sa_flags=0x10000004
SIGBUS: [libjvm.so+0x3ea370], sa_mask[0]=0x7ffbfeff, sa_flags=0x10000004
SIGFPE: [libjvm.so+0x30d390], sa_mask[0]=0x7ffbfeff, sa_flags=0x10000004
SIGPIPE: [libjvm.so+0x30d390], sa_mask[0]=0x7ffbfeff, sa_flags=0x10000004
SIGXFSZ: [libjvm.so+0x30d390], sa_mask[0]=0x7ffbfeff, sa_flags=0x10000004
SIGILL: [libjvm.so+0x30d390], sa_mask[0]=0x7ffbfeff, sa_flags=0x10000004
SIGUSR1: SIG_DFL, sa_mask[0]=0x00000000, sa_flags=0x00000000
SIGUSR2: [libjvm.so+0x30ca40], sa_mask[0]=0x00000004, sa_flags=0x10000004
SIGHUP: [libjvm.so+0x30f5b0], sa_mask[0]=0x7ffbfeff, sa_flags=0x10000004
SIGINT: [libjvm.so+0x30f5b0], sa_mask[0]=0x7ffbfeff, sa_flags=0x10000004
SIGTERM: [libjvm.so+0x30f5b0], sa_mask[0]=0x7ffbfeff, sa_flags=0x10000004
SIGQUIT: [libjvm.so+0x30f5b0], sa_mask[0]=0x7ffbfeff, sa_flags=0x10000004


---------------  S Y S T E M  ---------------

OS:Ubuntu 10.04 (lucid)
uname:Linux 2.6.32-33-generic #70-Ubuntu SMP Thu Jul 7 21:09:46 UTC 2011 i686
libc:glibc 2.11.1 NPTL 2.11.1 
rlimit: STACK 8192k, CORE 0k, NPROC infinity, NOFILE 1024, AS infinity
load average:1.50 1.56 1.24

/proc/meminfo:
MemTotal:        1008488 kB
MemFree:           37644 kB
Buffers:            2028 kB
Cached:            89628 kB
SwapCached:        14460 kB
Active:           433300 kB
Inactive:         473028 kB
Active(anon):     393808 kB
Inactive(anon):   429112 kB
Active(file):      39492 kB
Inactive(file):    43916 kB
Unevictable:           0 kB
Mlocked:               0 kB
HighTotal:        121176 kB
HighFree:            240 kB
LowTotal:         887312 kB
LowFree:           37404 kB
SwapTotal:       2955920 kB
SwapFree:        2793252 kB
Dirty:                96 kB
Writeback:             0 kB
AnonPages:        805296 kB
Mapped:            50952 kB
Shmem:              8088 kB
Slab:              15604 kB
SReclaimable:       5988 kB
SUnreclaim:         9616 kB
KernelStack:        2584 kB
PageTables:         4664 kB
NFS_Unstable:          0 kB
Bounce:                0 kB
WritebackTmp:          0 kB
CommitLimit:     3460164 kB
Committed_AS:    1956940 kB
VmallocTotal:     122880 kB
VmallocUsed:       72952 kB
VmallocChunk:      41972 kB
HardwareCorrupted:     0 kB
HugePages_Total:       0
HugePages_Free:        0
HugePages_Rsvd:        0
HugePages_Surp:        0
Hugepagesize:       4096 kB
DirectMap4k:       69624 kB
DirectMap4M:      839680 kB


CPU:total 2 (2 cores per cpu, 1 threads per core) family 6 model 15 stepping 6, cmov, cx8, fxsr, mmx, sse, sse2, sse3, ssse3

Memory: 4k page, physical 1008488k(37644k free), swap 2955920k(2793252k free)

vm_info: OpenJDK Client VM (19.0-b09) for linux-x86 JRE (1.6.0_20-b20), built on Jun 14 2011 22:28:30 by "buildd" with gcc 4.4.3

time: Fri Jul 29 21:23:55 2011
elapsed time: 5 seconds

